Classic Timing Analyzer report for Lab2
Wed Jun 10 10:13:53 2015
Quartus II Version 9.0 Build 132 02/25/2009 SJ Full Version


---------------------
; Table of Contents ;
---------------------
  1. Legal Notice
  2. Timing Analyzer Summary
  3. Timing Analyzer Settings
  4. Parallel Compilation
  5. tpd
  6. Timing Analyzer Messages



----------------
; Legal Notice ;
----------------
Copyright (C) 1991-2009 Altera Corporation
Your use of Altera Corporation's design tools, logic functions 
and other software and tools, and its AMPP partner logic 
functions, and any output files from any of the foregoing 
(including device programming or simulation files), and any 
associated documentation or information are expressly subject 
to the terms and conditions of the Altera Program License 
Subscription Agreement, Altera MegaCore Function License 
Agreement, or other applicable license agreement, including, 
without limitation, that your use is for the sole purpose of 
programming logic devices manufactured by Altera and sold by 
Altera or its authorized distributors.  Please refer to the 
applicable agreement for further details.



+------------------------------------------------------------------------------------------------------------------------------+
; Timing Analyzer Summary                                                                                                      ;
+------------------------------+-------+---------------+-------------+--------+---------+------------+----------+--------------+
; Type                         ; Slack ; Required Time ; Actual Time ; From   ; To      ; From Clock ; To Clock ; Failed Paths ;
+------------------------------+-------+---------------+-------------+--------+---------+------------+----------+--------------+
; Worst-case tpd               ; N/A   ; None          ; 16.163 ns   ; sw[13] ; hex1[1] ; --         ; --       ; 0            ;
; Total number of failed paths ;       ;               ;             ;        ;         ;            ;          ; 0            ;
+------------------------------+-------+---------------+-------------+--------+---------+------------+----------+--------------+


+--------------------------------------------------------------------------------------------------------------------+
; Timing Analyzer Settings                                                                                           ;
+---------------------------------------------------------------------+--------------------+------+----+-------------+
; Option                                                              ; Setting            ; From ; To ; Entity Name ;
+---------------------------------------------------------------------+--------------------+------+----+-------------+
; Device Name                                                         ; EP2C35F672C6       ;      ;    ;             ;
; Timing Models                                                       ; Final              ;      ;    ;             ;
; Default hold multicycle                                             ; Same as Multicycle ;      ;    ;             ;
; Cut paths between unrelated clock domains                           ; On                 ;      ;    ;             ;
; Cut off read during write signal paths                              ; On                 ;      ;    ;             ;
; Cut off feedback from I/O pins                                      ; On                 ;      ;    ;             ;
; Report Combined Fast/Slow Timing                                    ; Off                ;      ;    ;             ;
; Ignore Clock Settings                                               ; Off                ;      ;    ;             ;
; Analyze latches as synchronous elements                             ; On                 ;      ;    ;             ;
; Enable Recovery/Removal analysis                                    ; Off                ;      ;    ;             ;
; Enable Clock Latency                                                ; Off                ;      ;    ;             ;
; Use TimeQuest Timing Analyzer                                       ; Off                ;      ;    ;             ;
; Minimum Core Junction Temperature                                   ; 0                  ;      ;    ;             ;
; Maximum Core Junction Temperature                                   ; 85                 ;      ;    ;             ;
; Number of source nodes to report per destination node               ; 10                 ;      ;    ;             ;
; Number of destination nodes to report                               ; 10                 ;      ;    ;             ;
; Number of paths to report                                           ; 200                ;      ;    ;             ;
; Report Minimum Timing Checks                                        ; Off                ;      ;    ;             ;
; Use Fast Timing Models                                              ; Off                ;      ;    ;             ;
; Report IO Paths Separately                                          ; Off                ;      ;    ;             ;
; Perform Multicorner Analysis                                        ; On                 ;      ;    ;             ;
; Reports the worst-case path for each clock domain and analysis      ; Off                ;      ;    ;             ;
; Removes common clock path pessimism (CCPP) during slack computation ; Off                ;      ;    ;             ;
; Output I/O Timing Endpoint                                          ; Near End           ;      ;    ;             ;
+---------------------------------------------------------------------+--------------------+------+----+-------------+


+------------------------------------------+
; Parallel Compilation                     ;
+----------------------------+-------------+
; Processors                 ; Number      ;
+----------------------------+-------------+
; Number detected on machine ; 2           ;
; Maximum allowed            ; 2           ;
;                            ;             ;
; Average used               ; 1.00        ;
; Maximum used               ; 1           ;
;                            ;             ;
; Usage by Processor         ; % Time Used ;
;     1 processor            ; 100.0%      ;
;     2 processors           ;   0.0%      ;
+----------------------------+-------------+


+------------------------------------------------------------------------------------------------------------------------------------+
; tpd                                                                                                                                ;
+-----------------------------------------+-----------------------------------------------------+-----------------+--------+---------+
; Slack                                   ; Required P2P Time                                   ; Actual P2P Time ; From   ; To      ;
+-----------------------------------------+-----------------------------------------------------+-----------------+--------+---------+
; N/A                                     ; None                                                ; 16.163 ns       ; sw[13] ; hex1[1] ;
; N/A                                     ; None                                                ; 16.071 ns       ; sw[13] ; hex1[0] ;
; N/A                                     ; None                                                ; 16.030 ns       ; sw[13] ; hex1[6] ;
; N/A                                     ; None                                                ; 16.017 ns       ; sw[13] ; hex1[5] ;
; N/A                                     ; None                                                ; 15.793 ns       ; sw[13] ; hex1[4] ;
; N/A                                     ; None                                                ; 15.765 ns       ; sw[13] ; hex1[2] ;
; N/A                                     ; None                                                ; 15.727 ns       ; sw[13] ; hex1[3] ;
; N/A                                     ; None                                                ; 15.543 ns       ; sw[17] ; hex1[1] ;
; N/A                                     ; None                                                ; 15.488 ns       ; sw[16] ; hex1[1] ;
; N/A                                     ; None                                                ; 15.484 ns       ; sw[17] ; hex1[0] ;
; N/A                                     ; None                                                ; 15.429 ns       ; sw[16] ; hex1[0] ;
; N/A                                     ; None                                                ; 15.411 ns       ; sw[17] ; hex1[6] ;
; N/A                                     ; None                                                ; 15.392 ns       ; sw[17] ; hex1[5] ;
; N/A                                     ; None                                                ; 15.356 ns       ; sw[16] ; hex1[6] ;
; N/A                                     ; None                                                ; 15.341 ns       ; sw[0]  ; ledr[2] ;
; N/A                                     ; None                                                ; 15.337 ns       ; sw[16] ; hex1[5] ;
; N/A                                     ; None                                                ; 15.333 ns       ; sw[0]  ; ledr[1] ;
; N/A                                     ; None                                                ; 15.313 ns       ; sw[0]  ; hex1[1] ;
; N/A                                     ; None                                                ; 15.254 ns       ; sw[0]  ; hex1[0] ;
; N/A                                     ; None                                                ; 15.181 ns       ; sw[0]  ; hex1[6] ;
; N/A                                     ; None                                                ; 15.168 ns       ; sw[17] ; hex1[4] ;
; N/A                                     ; None                                                ; 15.162 ns       ; sw[0]  ; hex1[5] ;
; N/A                                     ; None                                                ; 15.117 ns       ; sw[17] ; hex1[2] ;
; N/A                                     ; None                                                ; 15.113 ns       ; sw[16] ; hex1[4] ;
; N/A                                     ; None                                                ; 15.103 ns       ; sw[17] ; hex1[3] ;
; N/A                                     ; None                                                ; 15.062 ns       ; sw[16] ; hex1[2] ;
; N/A                                     ; None                                                ; 15.048 ns       ; sw[16] ; hex1[3] ;
; N/A                                     ; None                                                ; 15.027 ns       ; sw[1]  ; ledr[2] ;
; N/A                                     ; None                                                ; 14.999 ns       ; sw[1]  ; hex1[1] ;
; N/A                                     ; None                                                ; 14.961 ns       ; sw[13] ; ledr[5] ;
; N/A                                     ; None                                                ; 14.940 ns       ; sw[1]  ; hex1[0] ;
; N/A                                     ; None                                                ; 14.938 ns       ; sw[0]  ; hex1[4] ;
; N/A                                     ; None                                                ; 14.921 ns       ; sw[16] ; ledr[2] ;
; N/A                                     ; None                                                ; 14.887 ns       ; sw[0]  ; hex1[2] ;
; N/A                                     ; None                                                ; 14.873 ns       ; sw[0]  ; hex1[3] ;
; N/A                                     ; None                                                ; 14.867 ns       ; sw[1]  ; hex1[6] ;
; N/A                                     ; None                                                ; 14.848 ns       ; sw[1]  ; hex1[5] ;
; N/A                                     ; None                                                ; 14.829 ns       ; sw[17] ; ledr[4] ;
; N/A                                     ; None                                                ; 14.809 ns       ; sw[2]  ; hex1[1] ;
; N/A                                     ; None                                                ; 14.774 ns       ; sw[16] ; ledr[4] ;
; N/A                                     ; None                                                ; 14.772 ns       ; sw[17] ; ledr[2] ;
; N/A                                     ; None                                                ; 14.750 ns       ; sw[2]  ; hex1[0] ;
; N/A                                     ; None                                                ; 14.703 ns       ; sw[1]  ; ledr[1] ;
; N/A                                     ; None                                                ; 14.677 ns       ; sw[2]  ; hex1[6] ;
; N/A                                     ; None                                                ; 14.668 ns       ; sw[14] ; hex1[1] ;
; N/A                                     ; None                                                ; 14.658 ns       ; sw[2]  ; hex1[5] ;
; N/A                                     ; None                                                ; 14.624 ns       ; sw[1]  ; hex1[4] ;
; N/A                                     ; None                                                ; 14.606 ns       ; sw[14] ; hex1[0] ;
; N/A                                     ; None                                                ; 14.599 ns       ; sw[0]  ; ledr[4] ;
; N/A                                     ; None                                                ; 14.573 ns       ; sw[1]  ; hex1[2] ;
; N/A                                     ; None                                                ; 14.559 ns       ; sw[1]  ; hex1[3] ;
; N/A                                     ; None                                                ; 14.534 ns       ; sw[14] ; hex1[6] ;
; N/A                                     ; None                                                ; 14.522 ns       ; sw[2]  ; ledr[2] ;
; N/A                                     ; None                                                ; 14.513 ns       ; sw[8]  ; ledr[2] ;
; N/A                                     ; None                                                ; 14.509 ns       ; sw[14] ; hex1[5] ;
; N/A                                     ; None                                                ; 14.505 ns       ; sw[8]  ; ledr[1] ;
; N/A                                     ; None                                                ; 14.485 ns       ; sw[8]  ; hex1[1] ;
; N/A                                     ; None                                                ; 14.462 ns       ; sw[3]  ; hex1[1] ;
; N/A                                     ; None                                                ; 14.446 ns       ; sw[9]  ; ledr[2] ;
; N/A                                     ; None                                                ; 14.434 ns       ; sw[2]  ; hex1[4] ;
; N/A                                     ; None                                                ; 14.426 ns       ; sw[8]  ; hex1[0] ;
; N/A                                     ; None                                                ; 14.418 ns       ; sw[9]  ; hex1[1] ;
; N/A                                     ; None                                                ; 14.403 ns       ; sw[3]  ; hex1[0] ;
; N/A                                     ; None                                                ; 14.383 ns       ; sw[2]  ; hex1[2] ;
; N/A                                     ; None                                                ; 14.369 ns       ; sw[2]  ; hex1[3] ;
; N/A                                     ; None                                                ; 14.359 ns       ; sw[9]  ; hex1[0] ;
; N/A                                     ; None                                                ; 14.353 ns       ; sw[8]  ; hex1[6] ;
; N/A                                     ; None                                                ; 14.334 ns       ; sw[8]  ; hex1[5] ;
; N/A                                     ; None                                                ; 14.330 ns       ; sw[3]  ; hex1[6] ;
; N/A                                     ; None                                                ; 14.311 ns       ; sw[3]  ; hex1[5] ;
; N/A                                     ; None                                                ; 14.300 ns       ; sw[0]  ; ledr[3] ;
; N/A                                     ; None                                                ; 14.295 ns       ; sw[16] ; ledr[1] ;
; N/A                                     ; None                                                ; 14.286 ns       ; sw[9]  ; hex1[6] ;
; N/A                                     ; None                                                ; 14.285 ns       ; sw[1]  ; ledr[4] ;
; N/A                                     ; None                                                ; 14.284 ns       ; sw[14] ; hex1[4] ;
; N/A                                     ; None                                                ; 14.268 ns       ; sw[14] ; hex1[2] ;
; N/A                                     ; None                                                ; 14.267 ns       ; sw[9]  ; hex1[5] ;
; N/A                                     ; None                                                ; 14.223 ns       ; sw[14] ; hex1[3] ;
; N/A                                     ; None                                                ; 14.190 ns       ; sw[15] ; hex1[1] ;
; N/A                                     ; None                                                ; 14.146 ns       ; sw[17] ; ledr[1] ;
; N/A                                     ; None                                                ; 14.128 ns       ; sw[15] ; hex1[0] ;
; N/A                                     ; None                                                ; 14.123 ns       ; sw[5]  ; hex1[1] ;
; N/A                                     ; None                                                ; 14.123 ns       ; sw[9]  ; ledr[1] ;
; N/A                                     ; None                                                ; 14.110 ns       ; sw[8]  ; hex1[4] ;
; N/A                                     ; None                                                ; 14.095 ns       ; sw[2]  ; ledr[4] ;
; N/A                                     ; None                                                ; 14.087 ns       ; sw[3]  ; hex1[4] ;
; N/A                                     ; None                                                ; 14.059 ns       ; sw[8]  ; hex1[2] ;
; N/A                                     ; None                                                ; 14.056 ns       ; sw[15] ; hex1[6] ;
; N/A                                     ; None                                                ; 14.045 ns       ; sw[8]  ; hex1[3] ;
; N/A                                     ; None                                                ; 14.043 ns       ; sw[9]  ; hex1[4] ;
; N/A                                     ; None                                                ; 14.036 ns       ; sw[3]  ; hex1[2] ;
; N/A                                     ; None                                                ; 14.031 ns       ; sw[15] ; hex1[5] ;
; N/A                                     ; None                                                ; 14.031 ns       ; sw[5]  ; hex1[0] ;
; N/A                                     ; None                                                ; 14.022 ns       ; sw[3]  ; hex1[3] ;
; N/A                                     ; None                                                ; 14.019 ns       ; sw[16] ; ledr[5] ;
; N/A                                     ; None                                                ; 14.016 ns       ; sw[13] ; ledr[7] ;
; N/A                                     ; None                                                ; 13.992 ns       ; sw[9]  ; hex1[2] ;
; N/A                                     ; None                                                ; 13.990 ns       ; sw[5]  ; hex1[6] ;
; N/A                                     ; None                                                ; 13.988 ns       ; sw[13] ; ledr[6] ;
; N/A                                     ; None                                                ; 13.986 ns       ; sw[1]  ; ledr[3] ;
; N/A                                     ; None                                                ; 13.978 ns       ; sw[9]  ; hex1[3] ;
; N/A                                     ; None                                                ; 13.977 ns       ; sw[5]  ; hex1[5] ;
; N/A                                     ; None                                                ; 13.879 ns       ; sw[0]  ; ledr[5] ;
; N/A                                     ; None                                                ; 13.858 ns       ; sw[14] ; ledr[7] ;
; N/A                                     ; None                                                ; 13.806 ns       ; sw[15] ; hex1[4] ;
; N/A                                     ; None                                                ; 13.796 ns       ; sw[2]  ; ledr[3] ;
; N/A                                     ; None                                                ; 13.790 ns       ; sw[15] ; hex1[2] ;
; N/A                                     ; None                                                ; 13.780 ns       ; sw[16] ; ledr[3] ;
; N/A                                     ; None                                                ; 13.771 ns       ; sw[8]  ; ledr[4] ;
; N/A                                     ; None                                                ; 13.766 ns       ; sw[17] ; ledr[5] ;
; N/A                                     ; None                                                ; 13.753 ns       ; sw[5]  ; hex1[4] ;
; N/A                                     ; None                                                ; 13.748 ns       ; sw[3]  ; ledr[4] ;
; N/A                                     ; None                                                ; 13.745 ns       ; sw[15] ; hex1[3] ;
; N/A                                     ; None                                                ; 13.725 ns       ; sw[5]  ; hex1[2] ;
; N/A                                     ; None                                                ; 13.704 ns       ; sw[9]  ; ledr[4] ;
; N/A                                     ; None                                                ; 13.687 ns       ; sw[5]  ; hex1[3] ;
; N/A                                     ; None                                                ; 13.641 ns       ; sw[4]  ; hex1[1] ;
; N/A                                     ; None                                                ; 13.630 ns       ; sw[17] ; ledr[3] ;
; N/A                                     ; None                                                ; 13.565 ns       ; sw[1]  ; ledr[5] ;
; N/A                                     ; None                                                ; 13.549 ns       ; sw[4]  ; hex1[0] ;
; N/A                                     ; None                                                ; 13.515 ns       ; sw[14] ; ledr[6] ;
; N/A                                     ; None                                                ; 13.508 ns       ; sw[4]  ; hex1[6] ;
; N/A                                     ; None                                                ; 13.495 ns       ; sw[4]  ; hex1[5] ;
; N/A                                     ; None                                                ; 13.472 ns       ; sw[8]  ; ledr[3] ;
; N/A                                     ; None                                                ; 13.467 ns       ; sw[0]  ; hex0[3] ;
; N/A                                     ; None                                                ; 13.454 ns       ; sw[0]  ; hex0[4] ;
; N/A                                     ; None                                                ; 13.451 ns       ; sw[0]  ; hex0[6] ;
; N/A                                     ; None                                                ; 13.442 ns       ; sw[0]  ; hex0[5] ;
; N/A                                     ; None                                                ; 13.421 ns       ; sw[0]  ; hex0[1] ;
; N/A                                     ; None                                                ; 13.407 ns       ; sw[0]  ; hex0[2] ;
; N/A                                     ; None                                                ; 13.405 ns       ; sw[9]  ; ledr[3] ;
; N/A                                     ; None                                                ; 13.380 ns       ; sw[15] ; ledr[7] ;
; N/A                                     ; None                                                ; 13.375 ns       ; sw[2]  ; ledr[5] ;
; N/A                                     ; None                                                ; 13.271 ns       ; sw[4]  ; hex1[4] ;
; N/A                                     ; None                                                ; 13.243 ns       ; sw[4]  ; hex1[2] ;
; N/A                                     ; None                                                ; 13.205 ns       ; sw[4]  ; hex1[3] ;
; N/A                                     ; None                                                ; 13.197 ns       ; sw[17] ; ledr[7] ;
; N/A                                     ; None                                                ; 13.173 ns       ; sw[0]  ; hex0[0] ;
; N/A                                     ; None                                                ; 13.143 ns       ; sw[16] ; ledr[7] ;
; N/A                                     ; None                                                ; 13.134 ns       ; sw[3]  ; ledr[3] ;
; N/A                                     ; None                                                ; 13.051 ns       ; sw[8]  ; ledr[5] ;
; N/A                                     ; None                                                ; 13.041 ns       ; sw[16] ; ledr[0] ;
; N/A                                     ; None                                                ; 13.028 ns       ; sw[3]  ; ledr[5] ;
; N/A                                     ; None                                                ; 13.018 ns       ; sw[13] ; hex2[2] ;
; N/A                                     ; None                                                ; 12.984 ns       ; sw[9]  ; ledr[5] ;
; N/A                                     ; None                                                ; 12.978 ns       ; sw[13] ; hex2[1] ;
; N/A                                     ; None                                                ; 12.922 ns       ; sw[0]  ; ledr[0] ;
; N/A                                     ; None                                                ; 12.921 ns       ; sw[5]  ; ledr[5] ;
; N/A                                     ; None                                                ; 12.860 ns       ; sw[14] ; hex2[2] ;
; N/A                                     ; None                                                ; 12.844 ns       ; sw[4]  ; ledr[4] ;
; N/A                                     ; None                                                ; 12.837 ns       ; sw[1]  ; hex0[3] ;
; N/A                                     ; None                                                ; 12.824 ns       ; sw[1]  ; hex0[4] ;
; N/A                                     ; None                                                ; 12.823 ns       ; sw[10] ; hex1[1] ;
; N/A                                     ; None                                                ; 12.821 ns       ; sw[1]  ; hex0[6] ;
; N/A                                     ; None                                                ; 12.820 ns       ; sw[14] ; hex2[1] ;
; N/A                                     ; None                                                ; 12.812 ns       ; sw[1]  ; hex0[5] ;
; N/A                                     ; None                                                ; 12.791 ns       ; sw[1]  ; hex0[1] ;
; N/A                                     ; None                                                ; 12.777 ns       ; sw[1]  ; hex0[2] ;
; N/A                                     ; None                                                ; 12.764 ns       ; sw[11] ; hex1[1] ;
; N/A                                     ; None                                                ; 12.764 ns       ; sw[10] ; hex1[0] ;
; N/A                                     ; None                                                ; 12.705 ns       ; sw[11] ; hex1[0] ;
; N/A                                     ; None                                                ; 12.703 ns       ; sw[16] ; hex0[3] ;
; N/A                                     ; None                                                ; 12.698 ns       ; sw[15] ; hex2[2] ;
; N/A                                     ; None                                                ; 12.695 ns       ; sw[12] ; hex1[1] ;
; N/A                                     ; None                                                ; 12.691 ns       ; sw[10] ; hex1[6] ;
; N/A                                     ; None                                                ; 12.690 ns       ; sw[16] ; hex0[4] ;
; N/A                                     ; None                                                ; 12.687 ns       ; sw[16] ; hex0[6] ;
; N/A                                     ; None                                                ; 12.678 ns       ; sw[16] ; hex0[5] ;
; N/A                                     ; None                                                ; 12.672 ns       ; sw[10] ; hex1[5] ;
; N/A                                     ; None                                                ; 12.661 ns       ; sw[13] ; ledr[8] ;
; N/A                                     ; None                                                ; 12.658 ns       ; sw[15] ; hex2[1] ;
; N/A                                     ; None                                                ; 12.653 ns       ; sw[16] ; hex0[1] ;
; N/A                                     ; None                                                ; 12.644 ns       ; sw[16] ; hex0[2] ;
; N/A                                     ; None                                                ; 12.639 ns       ; sw[8]  ; hex0[3] ;
; N/A                                     ; None                                                ; 12.632 ns       ; sw[11] ; hex1[6] ;
; N/A                                     ; None                                                ; 12.626 ns       ; sw[8]  ; hex0[4] ;
; N/A                                     ; None                                                ; 12.623 ns       ; sw[8]  ; hex0[6] ;
; N/A                                     ; None                                                ; 12.617 ns       ; sw[0]  ; ledr[7] ;
; N/A                                     ; None                                                ; 12.614 ns       ; sw[8]  ; hex0[5] ;
; N/A                                     ; None                                                ; 12.613 ns       ; sw[11] ; hex1[5] ;
; N/A                                     ; None                                                ; 12.603 ns       ; sw[12] ; hex1[0] ;
; N/A                                     ; None                                                ; 12.593 ns       ; sw[8]  ; hex0[1] ;
; N/A                                     ; None                                                ; 12.589 ns       ; sw[0]  ; ledr[6] ;
; N/A                                     ; None                                                ; 12.585 ns       ; sw[2]  ; hex0[3] ;
; N/A                                     ; None                                                ; 12.579 ns       ; sw[8]  ; hex0[2] ;
; N/A                                     ; None                                                ; 12.572 ns       ; sw[2]  ; hex0[4] ;
; N/A                                     ; None                                                ; 12.566 ns       ; sw[2]  ; hex0[6] ;
; N/A                                     ; None                                                ; 12.562 ns       ; sw[12] ; hex1[6] ;
; N/A                                     ; None                                                ; 12.561 ns       ; sw[2]  ; hex0[5] ;
; N/A                                     ; None                                                ; 12.554 ns       ; sw[17] ; hex0[3] ;
; N/A                                     ; None                                                ; 12.549 ns       ; sw[12] ; hex1[5] ;
; N/A                                     ; None                                                ; 12.543 ns       ; sw[1]  ; hex0[0] ;
; N/A                                     ; None                                                ; 12.541 ns       ; sw[17] ; hex0[4] ;
; N/A                                     ; None                                                ; 12.540 ns       ; sw[16] ; ledr[6] ;
; N/A                                     ; None                                                ; 12.539 ns       ; sw[10] ; ledr[2] ;
; N/A                                     ; None                                                ; 12.538 ns       ; sw[17] ; hex0[6] ;
; N/A                                     ; None                                                ; 12.537 ns       ; sw[2]  ; hex0[1] ;
; N/A                                     ; None                                                ; 12.529 ns       ; sw[17] ; hex0[5] ;
; N/A                                     ; None                                                ; 12.526 ns       ; sw[2]  ; hex0[2] ;
; N/A                                     ; None                                                ; 12.504 ns       ; sw[17] ; hex0[1] ;
; Timing analysis restricted to 200 rows. ; To change the limit use Settings (Assignments menu) ;                 ;        ;         ;
+-----------------------------------------+-----------------------------------------------------+-----------------+--------+---------+


+--------------------------+
; Timing Analyzer Messages ;
+--------------------------+
Info: *******************************************************************
Info: Running Quartus II Classic Timing Analyzer
    Info: Version 9.0 Build 132 02/25/2009 SJ Full Version
    Info: Processing started: Wed Jun 10 10:13:52 2015
Info: Command: quartus_tan --read_settings_files=off --write_settings_files=off Lab2 -c Lab2 --timing_analysis_only
Info: Parallel compilation is enabled and will use 2 of the 2 processors detected
Info: Longest tpd from source pin "sw[13]" to destination pin "hex1[1]" is 16.163 ns
    Info: 1: + IC(0.000 ns) + CELL(0.832 ns) = 0.832 ns; Loc. = PIN_T7; Fanout = 10; PIN Node = 'sw[13]'
    Info: 2: + IC(5.138 ns) + CELL(0.438 ns) = 6.408 ns; Loc. = LCCOMB_X2_Y14_N14; Fanout = 1; COMB Node = 'Add0~10'
    Info: 3: + IC(0.405 ns) + CELL(0.275 ns) = 7.088 ns; Loc. = LCCOMB_X1_Y14_N24; Fanout = 1; COMB Node = 'Mux3~0'
    Info: 4: + IC(0.253 ns) + CELL(0.275 ns) = 7.616 ns; Loc. = LCCOMB_X1_Y14_N2; Fanout = 8; COMB Node = 'Mux3~1'
    Info: 5: + IC(4.655 ns) + CELL(0.415 ns) = 12.686 ns; Loc. = LCCOMB_X64_Y4_N26; Fanout = 1; COMB Node = 'SevenSegment:D7SH1|Mux5~0'
    Info: 6: + IC(0.688 ns) + CELL(2.789 ns) = 16.163 ns; Loc. = PIN_V21; Fanout = 0; PIN Node = 'hex1[1]'
    Info: Total cell delay = 5.024 ns ( 31.08 % )
    Info: Total interconnect delay = 11.139 ns ( 68.92 % )
Info: Quartus II Classic Timing Analyzer was successful. 0 errors, 0 warnings
    Info: Peak virtual memory: 182 megabytes
    Info: Processing ended: Wed Jun 10 10:13:54 2015
    Info: Elapsed time: 00:00:02
    Info: Total CPU time (on all processors): 00:00:00


